{"C:\\Users\\valdery.alves\\projects\\jest-cypress-configured-react\\src\\App.tsx": {"path":"C:\\Users\\valdery.alves\\projects\\jest-cypress-configured-react\\src\\App.tsx","all":false,"statementMap":{"0":{"start":{"line":1,"column":0},"end":{"line":1,"column":45}},"1":{"start":{"line":2,"column":0},"end":{"line":2,"column":34}},"3":{"start":{"line":4,"column":0},"end":{"line":4,"column":16}},"4":{"start":{"line":5,"column":0},"end":{"line":5,"column":36}},"5":{"start":{"line":6,"column":0},"end":{"line":6,"column":24}},"6":{"start":{"line":7,"column":0},"end":{"line":7,"column":1}},"8":{"start":{"line":9,"column":0},"end":{"line":9,"column":19}}},"s":{"0":1,"1":1,"3":1,"4":1,"5":1,"6":1,"8":1},"branchMap":{"0":{"type":"branch","line":4,"loc":{"start":{"line":4,"column":0},"end":{"line":7,"column":1}},"locations":[{"start":{"line":4,"column":0},"end":{"line":7,"column":1}}]}},"b":{"0":[1]},"fnMap":{"0":{"name":"App","decl":{"start":{"line":4,"column":0},"end":{"line":7,"column":1}},"loc":{"start":{"line":4,"column":0},"end":{"line":7,"column":1}},"line":4}},"f":{"0":1}}
,"C:\\Users\\valdery.alves\\projects\\jest-cypress-configured-react\\src\\components\\Button.tsx": {"path":"C:\\Users\\valdery.alves\\projects\\jest-cypress-configured-react\\src\\components\\Button.tsx","all":false,"statementMap":{"1":{"start":{"line":2,"column":0},"end":{"line":2,"column":22}},"7":{"start":{"line":8,"column":0},"end":{"line":8,"column":24}},"8":{"start":{"line":9,"column":0},"end":{"line":9,"column":11}},"9":{"start":{"line":10,"column":0},"end":{"line":10,"column":22}},"10":{"start":{"line":11,"column":0},"end":{"line":11,"column":17}},"11":{"start":{"line":12,"column":0},"end":{"line":12,"column":10}},"12":{"start":{"line":13,"column":0},"end":{"line":13,"column":17}},"13":{"start":{"line":14,"column":0},"end":{"line":14,"column":10}},"14":{"start":{"line":15,"column":0},"end":{"line":15,"column":75}},"15":{"start":{"line":16,"column":0},"end":{"line":16,"column":16}},"16":{"start":{"line":17,"column":0},"end":{"line":17,"column":13}},"18":{"start":{"line":19,"column":0},"end":{"line":19,"column":1}}},"s":{"1":1,"7":1,"8":5,"9":5,"10":5,"11":5,"12":5,"13":5,"14":5,"15":5,"16":5,"18":5},"branchMap":{"0":{"type":"branch","line":8,"loc":{"start":{"line":8,"column":7},"end":{"line":19,"column":1}},"locations":[{"start":{"line":8,"column":7},"end":{"line":19,"column":1}}]}},"b":{"0":[5]},"fnMap":{"0":{"name":"Button","decl":{"start":{"line":8,"column":7},"end":{"line":19,"column":1}},"loc":{"start":{"line":8,"column":7},"end":{"line":19,"column":1}},"line":8}},"f":{"0":5}}
}
